============================= test session starts ==============================
platform linux -- Python 3.12.3, pytest-9.0.2, pluggy-1.6.0 -- /home/david/Axio/.venv/bin/python
cachedir: .pytest_cache
rootdir: /home/david/Axio
plugins: anyio-4.12.1, cov-7.0.0
collecting ... collected 81 items

src/phase_ix/1-VEWA/tests/test_vewa.py::TestCanonical::test_key_order_lexicographic PASSED [  1%]
src/phase_ix/1-VEWA/tests/test_vewa.py::TestCanonical::test_compact_form PASSED [  2%]
src/phase_ix/1-VEWA/tests/test_vewa.py::TestCanonical::test_nested_key_order PASSED [  3%]
src/phase_ix/1-VEWA/tests/test_vewa.py::TestCanonical::test_array_order_preserved PASSED [  4%]
src/phase_ix/1-VEWA/tests/test_vewa.py::TestCanonical::test_utf8_bytes PASSED [  6%]
src/phase_ix/1-VEWA/tests/test_vewa.py::TestStructuralDiff::test_identical PASSED [  7%]
src/phase_ix/1-VEWA/tests/test_vewa.py::TestStructuralDiff::test_value_diff PASSED [  8%]
src/phase_ix/1-VEWA/tests/test_vewa.py::TestStructuralDiff::test_missing_key PASSED [  9%]
src/phase_ix/1-VEWA/tests/test_vewa.py::TestStructuralDiff::test_array_length_diff PASSED [ 11%]
src/phase_ix/1-VEWA/tests/test_vewa.py::TestStructuralDiff::test_nested_diff PASSED [ 12%]
src/phase_ix/1-VEWA/tests/test_vewa.py::TestStructuralDiff::test_extra_field_detection PASSED [ 13%]
src/phase_ix/1-VEWA/tests/test_vewa.py::TestValueEncoding::test_single_value_encoding PASSED [ 14%]
src/phase_ix/1-VEWA/tests/test_vewa.py::TestValueEncoding::test_bijection_one_to_one PASSED [ 16%]
src/phase_ix/1-VEWA/tests/test_vewa.py::TestValueEncoding::test_sequence_counter PASSED [ 17%]
src/phase_ix/1-VEWA/tests/test_vewa.py::TestValueEncoding::test_sequence_reset PASSED [ 18%]
src/phase_ix/1-VEWA/tests/test_vewa.py::TestValueEncoding::test_fixed_fields PASSED [ 19%]
src/phase_ix/1-VEWA/tests/test_vewa.py::TestValueEncoding::test_passthrough_fields PASSED [ 20%]
src/phase_ix/1-VEWA/tests/test_vewa.py::TestValueEncoding::test_aav_from_scope_operation PASSED [ 22%]
src/phase_ix/1-VEWA/tests/test_vewa.py::TestValueEncoding::test_canonical_field_order PASSED [ 23%]
src/phase_ix/1-VEWA/tests/test_vewa.py::TestValueEncoding::test_missing_required_field PASSED [ 24%]
src/phase_ix/1-VEWA/tests/test_vewa.py::TestValueEncoding::test_extra_field_forbidden PASSED [ 25%]
src/phase_ix/1-VEWA/tests/test_vewa.py::TestValueEncoding::test_invalid_commitment PASSED [ 27%]
src/phase_ix/1-VEWA/tests/test_vewa.py::TestValueEncoding::test_invalid_operation PASSED [ 28%]
src/phase_ix/1-VEWA/tests/test_vewa.py::TestValueEncoding::test_multi_scope_atom_forbidden PASSED [ 29%]
src/phase_ix/1-VEWA/tests/test_vewa.py::TestValueEncoding::test_empty_scope_forbidden PASSED [ 30%]
src/phase_ix/1-VEWA/tests/test_vewa.py::TestValueEncoding::test_scope_atom_extra_field_forbidden PASSED [ 32%]
src/phase_ix/1-VEWA/tests/test_vewa.py::TestConflictProbe::test_no_conflict_disjoint_scopes PASSED [ 33%]
src/phase_ix/1-VEWA/tests/test_vewa.py::TestConflictProbe::test_no_conflict_allow_allow PASSED [ 34%]
src/phase_ix/1-VEWA/tests/test_vewa.py::TestConflictProbe::test_conflict_allow_deny PASSED [ 35%]
src/phase_ix/1-VEWA/tests/test_vewa.py::TestConflictProbe::test_conflict_deny_deny PASSED [ 37%]
src/phase_ix/1-VEWA/tests/test_vewa.py::TestConflictProbe::test_conflict_record_unordered_set PASSED [ 38%]
src/phase_ix/1-VEWA/tests/test_vewa.py::TestConflictProbe::test_conflict_serialization_sorted PASSED [ 39%]
src/phase_ix/1-VEWA/tests/test_vewa.py::TestConflictProbe::test_conflict_persists PASSED [ 40%]
src/phase_ix/1-VEWA/tests/test_vewa.py::TestConflictProbe::test_admissibility_single_allow PASSED [ 41%]
src/phase_ix/1-VEWA/tests/test_vewa.py::TestConflictProbe::test_admissibility_no_authority PASSED [ 43%]
src/phase_ix/1-VEWA/tests/test_vewa.py::TestConflictProbe::test_admissibility_conflict_refused PASSED [ 44%]
src/phase_ix/1-VEWA/tests/test_vewa.py::TestConflictProbe::test_admissibility_all_deny PASSED [ 45%]
src/phase_ix/1-VEWA/tests/test_vewa.py::TestConflictProbe::test_admissibility_allow_allow_no_conflict PASSED [ 46%]
src/phase_ix/1-VEWA/tests/test_vewa.py::TestConflictProbe::test_deadlock_on_conflict PASSED [ 48%]
src/phase_ix/1-VEWA/tests/test_vewa.py::TestConflictProbe::test_no_deadlock_without_conflict PASSED [ 49%]
src/phase_ix/1-VEWA/tests/test_vewa.py::TestConflictProbe::test_deadlock_scope_bound PASSED [ 50%]
src/phase_ix/1-VEWA/tests/test_vewa.py::TestConflictProbe::test_store_reinitialize PASSED [ 51%]
src/phase_ix/1-VEWA/tests/test_vewa.py::TestConflictProbe::test_epoch_closure_blocks_injection PASSED [ 53%]
src/phase_ix/1-VEWA/tests/test_vewa.py::TestConflictProbe::test_artifact_schema_validation PASSED [ 54%]
src/phase_ix/1-VEWA/tests/test_vewa.py::TestConflictProbe::test_scope_atom_canonicalized_matching PASSED [ 55%]
src/phase_ix/1-VEWA/tests/test_vewa.py::TestConditionA::test_condition_a_passes PASSED [ 56%]
src/phase_ix/1-VEWA/tests/test_vewa.py::TestConditionA::test_condition_a_encoding_correct PASSED [ 58%]
src/phase_ix/1-VEWA/tests/test_vewa.py::TestConditionA::test_condition_a_no_conflict PASSED [ 59%]
src/phase_ix/1-VEWA/tests/test_vewa.py::TestConditionA::test_condition_a_admissible PASSED [ 60%]
src/phase_ix/1-VEWA/tests/test_vewa.py::TestConditionA::test_condition_a_no_deadlock PASSED [ 61%]
src/phase_ix/1-VEWA/tests/test_vewa.py::TestConditionB::test_condition_b_passes PASSED [ 62%]
src/phase_ix/1-VEWA/tests/test_vewa.py::TestConditionB::test_condition_b_two_artifacts PASSED [ 64%]
src/phase_ix/1-VEWA/tests/test_vewa.py::TestConditionB::test_condition_b_no_conflict PASSED [ 65%]
src/phase_ix/1-VEWA/tests/test_vewa.py::TestConditionB::test_condition_b_both_admissible PASSED [ 66%]
src/phase_ix/1-VEWA/tests/test_vewa.py::TestConditionC::test_condition_c_passes PASSED [ 67%]
src/phase_ix/1-VEWA/tests/test_vewa.py::TestConditionC::test_condition_c_conflict_registered PASSED [ 69%]
src/phase_ix/1-VEWA/tests/test_vewa.py::TestConditionC::test_condition_c_action_refused PASSED [ 70%]
src/phase_ix/1-VEWA/tests/test_vewa.py::TestConditionC::test_condition_c_deadlock PASSED [ 71%]
src/phase_ix/1-VEWA/tests/test_vewa.py::TestConditionC::test_condition_c_conflict_persists PASSED [ 72%]
src/phase_ix/1-VEWA/tests/test_vewa.py::TestConditionD::test_condition_d_passes PASSED [ 74%]
src/phase_ix/1-VEWA/tests/test_vewa.py::TestConditionD::test_condition_d_kernel_emits_fail PASSED [ 75%]
src/phase_ix/1-VEWA/tests/test_vewa.py::TestConditionD::test_condition_d_detects_priority_field PASSED [ 76%]
src/phase_ix/1-VEWA/tests/test_vewa.py::TestConditionE::test_condition_e_passes PASSED [ 77%]
src/phase_ix/1-VEWA/tests/test_vewa.py::TestConditionE::test_condition_e_no_implicit_value PASSED [ 79%]
src/phase_ix/1-VEWA/tests/test_vewa.py::TestConditionE::test_condition_e_both_runs_logged PASSED [ 80%]
src/phase_ix/1-VEWA/tests/test_vewa.py::TestConditionE::test_condition_e_invariant_criterion PASSED [ 81%]
src/phase_ix/1-VEWA/tests/test_vewa.py::TestConditionF::test_condition_f_passes PASSED [ 82%]
src/phase_ix/1-VEWA/tests/test_vewa.py::TestConditionF::test_condition_f_kernel_emits_fail PASSED [ 83%]
src/phase_ix/1-VEWA/tests/test_vewa.py::TestConditionF::test_condition_f_post_epoch_blocked PASSED [ 85%]
src/phase_ix/1-VEWA/tests/test_vewa.py::TestAggregateExecution::test_all_conditions_pass PASSED [ 86%]
src/phase_ix/1-VEWA/tests/test_vewa.py::TestAggregateExecution::test_all_conditions_executed PASSED [ 87%]
src/phase_ix/1-VEWA/tests/test_vewa.py::TestAggregateExecution::test_all_conditions_experiment_pass PASSED [ 88%]
src/phase_ix/1-VEWA/tests/test_vewa.py::TestAggregateExecution::test_replay_determinism PASSED [ 90%]
src/phase_ix/1-VEWA/tests/test_vewa.py::TestLogging::test_condition_log_has_required_fields PASSED [ 91%]
src/phase_ix/1-VEWA/tests/test_vewa.py::TestLogging::test_admissibility_reason_enum PASSED [ 92%]
src/phase_ix/1-VEWA/tests/test_vewa.py::TestLogging::test_execution_log_serializable PASSED [ 93%]
src/phase_ix/1-VEWA/tests/test_vewa.py::TestEdgeCases::test_condition_isolation PASSED [ 95%]
src/phase_ix/1-VEWA/tests/test_vewa.py::TestEdgeCases::test_sequence_resets_between_conditions PASSED [ 96%]
src/phase_ix/1-VEWA/tests/test_vewa.py::TestEdgeCases::test_no_action_executed_token PASSED [ 97%]
src/phase_ix/1-VEWA/tests/test_vewa.py::TestEdgeCases::test_deny_deny_conflict PASSED [ 98%]
src/phase_ix/1-VEWA/tests/test_vewa.py::TestEdgeCases::test_conflict_type_is_multi_binding PASSED [100%]

============================== 81 passed in 0.13s ==============================
